# JRE version: OpenJDK Runtime Environment Temurin-17.0.13+11 (17.0.13+11) (build 17.0.13+11)
# Java VM: OpenJDK 64-Bit Server VM Temurin-17.0.13+11 (17.0.13+11, mixed mode, tiered, compressed oops, compressed class ptrs, parallel gc, windows-amd64)
GC Precious Log:
 CPUs: 4 total, 4 available
 Memory: 7991M
 Large Page Support: Disabled
 NUMA Support: Disabled
 Compressed Oops: Enabled (32-bit)
 Alignments: Space 512K, Generation 512K, Heap 2M
 Heap Min Capacity: 100M
 Heap Initial Capacity: 100M
 Heap Max Capacity: 1G
 Pre-touch: Disabled
 Parallel Workers: 4
Heap:
 PSYoungGen      total 9216K, used 3594K [0x00000000eab00000, 0x00000000eb700000, 0x0000000100000000)
  eden space 6144K, 17% used [0x00000000eab00000,0x00000000eac13590,0x00000000eb100000)
  from space 3072K, 81% used [0x00000000eb100000,0x00000000eb36f440,0x00000000eb400000)
  to   space 3072K, 0% used [0x00000000eb400000,0x00000000eb400000,0x00000000eb700000)
 ParOldGen       total 274944K, used 232760K [0x00000000c0000000, 0x00000000d0c80000, 0x00000000eab00000)
  object space 274944K, 84% used [0x00000000c0000000,0x00000000ce34e2d0,0x00000000d0c80000)
 Metaspace       used 89070K, committed 90496K, reserved 1179648K
  class space    used 9160K, committed 9792K, reserved 1048576K
GC Heap History (20 events):
Event: 537.173 GC heap before
{Heap before GC invocations=511 (full 18):
 PSYoungGen      total 8192K, used 8189K [0x00000000eab00000, 0x00000000eb680000, 0x0000000100000000)
  eden space 6656K, 100% used [0x00000000eab00000,0x00000000eb180000,0x00000000eb180000)
  from space 1536K, 99% used [0x00000000eb280000,0x00000000eb3ff460,0x00000000eb400000)
  to   space 2560K, 0% used [0x00000000eb400000,0x00000000eb400000,0x00000000eb680000)
 ParOldGen       total 274944K, used 228163K [0x00000000c0000000, 0x00000000d0c80000, 0x00000000eab00000)
  object space 274944K, 82% used [0x00000000c0000000,0x00000000cded0dc0,0x00000000d0c80000)
 Metaspace       used 88990K, committed 90432K, reserved 1179648K
  class space    used 9156K, committed 9792K, reserved 1048576K
}
Event: 537.178 GC heap after
{Heap after GC invocations=511 (full 18):
 PSYoungGen      total 8704K, used 2465K [0x00000000eab00000, 0x00000000eb780000, 0x0000000100000000)
  eden space 6144K, 0% used [0x00000000eab00000,0x00000000eab00000,0x00000000eb100000)
  from space 2560K, 96% used [0x00000000eb400000,0x00000000eb6686a8,0x00000000eb680000)
  to   space 3072K, 0% used [0x00000000eb100000,0x00000000eb100000,0x00000000eb400000)
 ParOldGen       total 274944K, used 228267K [0x00000000c0000000, 0x00000000d0c80000, 0x00000000eab00000)
  object space 274944K, 83% used [0x00000000c0000000,0x00000000cdeeade0,0x00000000d0c80000)
 Metaspace       used 88990K, committed 90432K, reserved 1179648K
  class space    used 9156K, committed 9792K, reserved 1048576K
}
Event: 537.199 GC heap before
{Heap before GC invocations=512 (full 18):
 PSYoungGen      total 8704K, used 8609K [0x00000000eab00000, 0x00000000eb780000, 0x0000000100000000)
  eden space 6144K, 100% used [0x00000000eab00000,0x00000000eb100000,0x00000000eb100000)
  from space 2560K, 96% used [0x00000000eb400000,0x00000000eb6686a8,0x00000000eb680000)
  to   space 3072K, 0% used [0x00000000eb100000,0x00000000eb100000,0x00000000eb400000)
 ParOldGen       total 274944K, used 228267K [0x00000000c0000000, 0x00000000d0c80000, 0x00000000eab00000)
  object space 274944K, 83% used [0x00000000c0000000,0x00000000cdeeade0,0x00000000d0c80000)
 Metaspace       used 88990K, committed 90432K, reserved 1179648K
  class space    used 9156K, committed 9792K, reserved 1048576K
}
Event: 537.208 GC heap after
{Heap after GC invocations=512 (full 18):
 PSYoungGen      total 9216K, used 3069K [0x00000000eab00000, 0x00000000eba00000, 0x0000000100000000)
  eden space 6144K, 0% used [0x00000000eab00000,0x00000000eab00000,0x00000000eb100000)
  from space 3072K, 99% used [0x00000000eb100000,0x00000000eb3ff440,0x00000000eb400000)
  to   space 4608K, 0% used [0x00000000eb580000,0x00000000eb580000,0x00000000eba00000)
 ParOldGen       total 274944K, used 229238K [0x00000000c0000000, 0x00000000d0c80000, 0x00000000eab00000)
  object space 274944K, 83% used [0x00000000c0000000,0x00000000cdfddbe0,0x00000000d0c80000)
 Metaspace       used 88990K, committed 90432K, reserved 1179648K
  class space    used 9156K, committed 9792K, reserved 1048576K
}
Event: 544.808 GC heap before
{Heap before GC invocations=513 (full 18):
 PSYoungGen      total 9216K, used 9213K [0x00000000eab00000, 0x00000000eba00000, 0x0000000100000000)
  eden space 6144K, 100% used [0x00000000eab00000,0x00000000eb100000,0x00000000eb100000)
  from space 3072K, 99% used [0x00000000eb100000,0x00000000eb3ff440,0x00000000eb400000)
  to   space 4608K, 0% used [0x00000000eb580000,0x00000000eb580000,0x00000000eba00000)
 ParOldGen       total 274944K, used 229238K [0x00000000c0000000, 0x00000000d0c80000, 0x00000000eab00000)
  object space 274944K, 83% used [0x00000000c0000000,0x00000000cdfddbe0,0x00000000d0c80000)
 Metaspace       used 88993K, committed 90432K, reserved 1179648K
  class space    used 9156K, committed 9792K, reserved 1048576K
}
Event: 544.811 GC heap after
{Heap after GC invocations=513 (full 18):
 PSYoungGen      total 8192K, used 1847K [0x00000000eab00000, 0x00000000eb780000, 0x0000000100000000)
  eden space 6144K, 0% used [0x00000000eab00000,0x00000000eab00000,0x00000000eb100000)
  from space 2048K, 90% used [0x00000000eb580000,0x00000000eb74dd60,0x00000000eb780000)
  to   space 3072K, 0% used [0x00000000eb180000,0x00000000eb180000,0x00000000eb480000)
 ParOldGen       total 274944K, used 229494K [0x00000000c0000000, 0x00000000d0c80000, 0x00000000eab00000)
  object space 274944K, 83% used [0x00000000c0000000,0x00000000ce01dbe0,0x00000000d0c80000)
 Metaspace       used 88993K, committed 90432K, reserved 1179648K
  class space    used 9156K, committed 9792K, reserved 1048576K
}
Event: 544.833 GC heap before
{Heap before GC invocations=514 (full 18):
 PSYoungGen      total 8192K, used 7991K [0x00000000eab00000, 0x00000000eb780000, 0x0000000100000000)
  eden space 6144K, 100% used [0x00000000eab00000,0x00000000eb100000,0x00000000eb100000)
  from space 2048K, 90% used [0x00000000eb580000,0x00000000eb74dd60,0x00000000eb780000)
  to   space 3072K, 0% used [0x00000000eb180000,0x00000000eb180000,0x00000000eb480000)
 ParOldGen       total 274944K, used 229494K [0x00000000c0000000, 0x00000000d0c80000, 0x00000000eab00000)
  object space 274944K, 83% used [0x00000000c0000000,0x00000000ce01dbe0,0x00000000d0c80000)
 Metaspace       used 88995K, committed 90432K, reserved 1179648K
  class space    used 9156K, committed 9792K, reserved 1048576K
}
Event: 544.835 GC heap after
{Heap after GC invocations=514 (full 18):
 PSYoungGen      total 9216K, used 1085K [0x00000000eab00000, 0x00000000eb600000, 0x0000000100000000)
  eden space 6144K, 0% used [0x00000000eab00000,0x00000000eab00000,0x00000000eb100000)
  from space 3072K, 35% used [0x00000000eb180000,0x00000000eb28f440,0x00000000eb480000)
  to   space 1536K, 0% used [0x00000000eb480000,0x00000000eb480000,0x00000000eb600000)
 ParOldGen       total 274944K, used 229722K [0x00000000c0000000, 0x00000000d0c80000, 0x00000000eab00000)
  object space 274944K, 83% used [0x00000000c0000000,0x00000000ce056bb0,0x00000000d0c80000)
 Metaspace       used 88995K, committed 90432K, reserved 1179648K
  class space    used 9156K, committed 9792K, reserved 1048576K
}
Event: 545.529 GC heap before
{Heap before GC invocations=515 (full 18):
 PSYoungGen      total 9216K, used 7229K [0x00000000eab00000, 0x00000000eb600000, 0x0000000100000000)
  eden space 6144K, 100% used [0x00000000eab00000,0x00000000eb100000,0x00000000eb100000)
  from space 3072K, 35% used [0x00000000eb180000,0x00000000eb28f440,0x00000000eb480000)
  to   space 1536K, 0% used [0x00000000eb480000,0x00000000eb480000,0x00000000eb600000)
 ParOldGen       total 274944K, used 229722K [0x00000000c0000000, 0x00000000d0c80000, 0x00000000eab00000)
  object space 274944K, 83% used [0x00000000c0000000,0x00000000ce056bb0,0x00000000d0c80000)
 Metaspace       used 88997K, committed 90432K, reserved 1179648K
  class space    used 9156K, committed 9792K, reserved 1048576K
}
Event: 545.531 GC heap after
{Heap after GC invocations=515 (full 18):
 PSYoungGen      total 6656K, used 314K [0x00000000eab00000, 0x00000000eb500000, 0x0000000100000000)
  eden space 6144K, 0% used [0x00000000eab00000,0x00000000eab00000,0x00000000eb100000)
  from space 512K, 61% used [0x00000000eb480000,0x00000000eb4ce920,0x00000000eb500000)
  to   space 1024K, 0% used [0x00000000eb300000,0x00000000eb300000,0x00000000eb400000)
 ParOldGen       total 274944K, used 229954K [0x00000000c0000000, 0x00000000d0c80000, 0x00000000eab00000)
  object space 274944K, 83% used [0x00000000c0000000,0x00000000ce090bb0,0x00000000d0c80000)
 Metaspace       used 88997K, committed 90432K, reserved 1179648K
  class space    used 9156K, committed 9792K, reserved 1048576K
}
Event: 584.032 GC heap before
{Heap before GC invocations=516 (full 18):
 PSYoungGen      total 6656K, used 6458K [0x00000000eab00000, 0x00000000eb500000, 0x0000000100000000)
  eden space 6144K, 99% used [0x00000000eab00000,0x00000000eb0ffff0,0x00000000eb100000)
  from space 512K, 61% used [0x00000000eb480000,0x00000000eb4ce920,0x00000000eb500000)
  to   space 1024K, 0% used [0x00000000eb300000,0x00000000eb300000,0x00000000eb400000)
 ParOldGen       total 274944K, used 229954K [0x00000000c0000000, 0x00000000d0c80000, 0x00000000eab00000)
  object space 274944K, 83% used [0x00000000c0000000,0x00000000ce090bb0,0x00000000d0c80000)
 Metaspace       used 89004K, committed 90432K, reserved 1179648K
  class space    used 9156K, committed 9792K, reserved 1048576K
}
Event: 584.062 GC heap after
{Heap after GC invocations=516 (full 18):
 PSYoungGen      total 7168K, used 112K [0x00000000eab00000, 0x00000000eb500000, 0x0000000100000000)
  eden space 6144K, 0% used [0x00000000eab00000,0x00000000eab00000,0x00000000eb100000)
  from space 1024K, 10% used [0x00000000eb300000,0x00000000eb31c010,0x00000000eb400000)
  to   space 512K, 0% used [0x00000000eb480000,0x00000000eb480000,0x00000000eb500000)
 ParOldGen       total 274944K, used 229978K [0x00000000c0000000, 0x00000000d0c80000, 0x00000000eab00000)
  object space 274944K, 83% used [0x00000000c0000000,0x00000000ce096bb0,0x00000000d0c80000)
 Metaspace       used 89004K, committed 90432K, reserved 1179648K
  class space    used 9156K, committed 9792K, reserved 1048576K
}
Event: 584.643 GC heap before
{Heap before GC invocations=517 (full 18):
 PSYoungGen      total 7168K, used 6256K [0x00000000eab00000, 0x00000000eb500000, 0x0000000100000000)
  eden space 6144K, 100% used [0x00000000eab00000,0x00000000eb100000,0x00000000eb100000)
  from space 1024K, 10% used [0x00000000eb300000,0x00000000eb31c010,0x00000000eb400000)
  to   space 512K, 0% used [0x00000000eb480000,0x00000000eb480000,0x00000000eb500000)
 ParOldGen       total 274944K, used 229978K [0x00000000c0000000, 0x00000000d0c80000, 0x00000000eab00000)
  object space 274944K, 83% used [0x00000000c0000000,0x00000000ce096bb0,0x00000000d0c80000)
 Metaspace       used 89045K, committed 90496K, reserved 1179648K
  class space    used 9160K, committed 9792K, reserved 1048576K
}
Event: 584.648 GC heap after
{Heap after GC invocations=517 (full 18):
 PSYoungGen      total 6656K, used 500K [0x00000000eab00000, 0x00000000eb500000, 0x0000000100000000)
  eden space 6144K, 0% used [0x00000000eab00000,0x00000000eab00000,0x00000000eb100000)
  from space 512K, 97% used [0x00000000eb480000,0x00000000eb4fd220,0x00000000eb500000)
  to   space 1536K, 0% used [0x00000000eb200000,0x00000000eb200000,0x00000000eb380000)
 ParOldGen       total 274944K, used 230426K [0x00000000c0000000, 0x00000000d0c80000, 0x00000000eab00000)
  object space 274944K, 83% used [0x00000000c0000000,0x00000000ce106bf0,0x00000000d0c80000)
 Metaspace       used 89045K, committed 90496K, reserved 1179648K
  class space    used 9160K, committed 9792K, reserved 1048576K
}
Event: 584.698 GC heap before
{Heap before GC invocations=518 (full 18):
 PSYoungGen      total 6656K, used 6644K [0x00000000eab00000, 0x00000000eb500000, 0x0000000100000000)
  eden space 6144K, 99% used [0x00000000eab00000,0x00000000eb0fffb8,0x00000000eb100000)
  from space 512K, 97% used [0x00000000eb480000,0x00000000eb4fd220,0x00000000eb500000)
  to   space 1536K, 0% used [0x00000000eb200000,0x00000000eb200000,0x00000000eb380000)
 ParOldGen       total 274944K, used 230426K [0x00000000c0000000, 0x00000000d0c80000, 0x00000000eab00000)
  object space 274944K, 83% used [0x00000000c0000000,0x00000000ce106bf0,0x00000000d0c80000)
 Metaspace       used 89062K, committed 90496K, reserved 1179648K
  class space    used 9160K, committed 9792K, reserved 1048576K
}
Event: 584.703 GC heap after
{Heap after GC invocations=518 (full 18):
 PSYoungGen      total 7680K, used 560K [0x00000000eab00000, 0x00000000eb500000, 0x0000000100000000)
  eden space 6144K, 0% used [0x00000000eab00000,0x00000000eab00000,0x00000000eb100000)
  from space 1536K, 36% used [0x00000000eb200000,0x00000000eb28c010,0x00000000eb380000)
  to   space 1024K, 0% used [0x00000000eb400000,0x00000000eb400000,0x00000000eb500000)
 ParOldGen       total 274944K, used 230884K [0x00000000c0000000, 0x00000000d0c80000, 0x00000000eab00000)
  object space 274944K, 83% used [0x00000000c0000000,0x00000000ce1790b0,0x00000000d0c80000)
 Metaspace       used 89062K, committed 90496K, reserved 1179648K
  class space    used 9160K, committed 9792K, reserved 1048576K
}
Event: 586.353 GC heap before
{Heap before GC invocations=519 (full 18):
 PSYoungGen      total 7680K, used 6704K [0x00000000eab00000, 0x00000000eb500000, 0x0000000100000000)
  eden space 6144K, 100% used [0x00000000eab00000,0x00000000eb100000,0x00000000eb100000)
  from space 1536K, 36% used [0x00000000eb200000,0x00000000eb28c010,0x00000000eb380000)
  to   space 1024K, 0% used [0x00000000eb400000,0x00000000eb400000,0x00000000eb500000)
 ParOldGen       total 274944K, used 230884K [0x00000000c0000000, 0x00000000d0c80000, 0x00000000eab00000)
  object space 274944K, 83% used [0x00000000c0000000,0x00000000ce1790b0,0x00000000d0c80000)
 Metaspace       used 89070K, committed 90496K, reserved 1179648K
  class space    used 9160K, committed 9792K, reserved 1048576K
}
Event: 586.614 GC heap after
{Heap after GC invocations=519 (full 18):
 PSYoungGen      total 7168K, used 1015K [0x00000000eab00000, 0x00000000eb700000, 0x0000000100000000)
  eden space 6144K, 0% used [0x00000000eab00000,0x00000000eab00000,0x00000000eb100000)
  from space 1024K, 99% used [0x00000000eb400000,0x00000000eb4fdd60,0x00000000eb500000)
  to   space 3072K, 0% used [0x00000000eb100000,0x00000000eb100000,0x00000000eb400000)
 ParOldGen       total 274944K, used 232204K [0x00000000c0000000, 0x00000000d0c80000, 0x00000000eab00000)
  object space 274944K, 84% used [0x00000000c0000000,0x00000000ce2c30b0,0x00000000d0c80000)
 Metaspace       used 89070K, committed 90496K, reserved 1179648K
  class space    used 9160K, committed 9792K, reserved 1048576K
}
Event: 586.774 GC heap before
{Heap before GC invocations=520 (full 18):
 PSYoungGen      total 7168K, used 7159K [0x00000000eab00000, 0x00000000eb700000, 0x0000000100000000)
  eden space 6144K, 100% used [0x00000000eab00000,0x00000000eb100000,0x00000000eb100000)
  from space 1024K, 99% used [0x00000000eb400000,0x00000000eb4fdd60,0x00000000eb500000)
  to   space 3072K, 0% used [0x00000000eb100000,0x00000000eb100000,0x00000000eb400000)
 ParOldGen       total 274944K, used 232204K [0x00000000c0000000, 0x00000000d0c80000, 0x00000000eab00000)
  object space 274944K, 84% used [0x00000000c0000000,0x00000000ce2c30b0,0x00000000d0c80000)
 Metaspace       used 89070K, committed 90496K, reserved 1179648K
  class space    used 9160K, committed 9792K, reserved 1048576K
}
Event: 586.783 GC heap after
{Heap after GC invocations=520 (full 18):
 PSYoungGen      total 9216K, used 2493K [0x00000000eab00000, 0x00000000eb700000, 0x0000000100000000)
  eden space 6144K, 0% used [0x00000000eab00000,0x00000000eab00000,0x00000000eb100000)
  from space 3072K, 81% used [0x00000000eb100000,0x00000000eb36f440,0x00000000eb400000)
  to   space 3072K, 0% used [0x00000000eb400000,0x00000000eb400000,0x00000000eb700000)
 ParOldGen       total 274944K, used 232760K [0x00000000c0000000, 0x00000000d0c80000, 0x00000000eab00000)
  object space 274944K, 84% used [0x00000000c0000000,0x00000000ce34e2d0,0x00000000d0c80000)
 Metaspace       used 89070K, committed 90496K, reserved 1179648K
  class space    used 9160K, committed 9792K, reserved 1048576K
}

